<?xml version="1.0" encoding="UTF-8"?>
<testng-results ignored="0" total="2" passed="2" failed="0" skipped="0">
  <reporter-output>
  </reporter-output>
  <suite started-at="2024-09-23T11:59:41 BDT" name="Default suite" finished-at="2024-09-23T12:00:36 BDT" duration-ms="54726">
    <groups>
    </groups>
    <test started-at="2024-09-23T11:59:41 BDT" name="Default test" finished-at="2024-09-23T12:00:36 BDT" duration-ms="54726">
      <class name="Tests.LaunchPageTest">
        <test-method is-config="true" signature="openUrl(java.lang.String,java.lang.String,java.lang.String)[pri:0, instance:Tests.LaunchPageTest@7c7b252e]" started-at="2024-09-23T11:59:41 BDT" name="openUrl" finished-at="2024-09-23T11:59:52 BDT" duration-ms="10596" status="PASS">
          <params>
            <param index="0">
              <value>
                <![CDATA[https://www.shohoz.com]]>
              </value>
            </param>
            <param index="1">
              <value>
                <![CDATA[chromium]]>
              </value>
            </param>
            <param index="2">
              <value>
                <![CDATA[false]]>
              </value>
            </param>
          </params>
          <reporter-output>
          </reporter-output>
        </test-method> <!-- openUrl -->
        <test-method signature="buyTicket()[pri:0, instance:Tests.LaunchPageTest@7c7b252e]" started-at="2024-09-23T11:59:52 BDT" name="buyTicket" finished-at="2024-09-23T12:00:09 BDT" duration-ms="17342" status="PASS">
          <reporter-output>
          </reporter-output>
        </test-method> <!-- buyTicket -->
        <test-method signature="buyTrainTicket()[pri:1, instance:Tests.LaunchPageTest@7c7b252e]" started-at="2024-09-23T12:00:09 BDT" name="buyTrainTicket" finished-at="2024-09-23T12:00:35 BDT" duration-ms="26095" status="PASS">
          <reporter-output>
          </reporter-output>
        </test-method> <!-- buyTrainTicket -->
        <test-method is-config="true" signature="afterClass()[pri:0, instance:Tests.LaunchPageTest@7c7b252e]" started-at="2024-09-23T12:00:35 BDT" name="afterClass" finished-at="2024-09-23T12:00:36 BDT" duration-ms="652" status="PASS">
          <reporter-output>
          </reporter-output>
        </test-method> <!-- afterClass -->
      </class> <!-- Tests.LaunchPageTest -->
    </test> <!-- Default test -->
  </suite> <!-- Default suite -->
</testng-results>
