<?xml version="1.0" encoding="UTF-8"?>
<testng-results ignored="0" total="2" passed="1" failed="1" skipped="0">
  <reporter-output>
  </reporter-output>
  <suite started-at="2024-09-25T22:18:42 BDT" name="Default suite" finished-at="2024-09-25T22:20:12 BDT" duration-ms="89521">
    <groups>
    </groups>
    <test started-at="2024-09-25T22:18:42 BDT" name="Default test" finished-at="2024-09-25T22:20:12 BDT" duration-ms="89521">
      <class name="Tests.LaunchPageTest">
        <test-method is-config="true" signature="openUrl(java.lang.String,java.lang.String,java.lang.String)[pri:0, instance:Tests.LaunchPageTest@7c7b252e]" started-at="2024-09-25T22:18:42 BDT" name="openUrl" finished-at="2024-09-25T22:19:09 BDT" duration-ms="27409" status="PASS">
          <params>
            <param index="0">
              <value>
                <![CDATA[https://www.shohoz.com]]>
              </value>
            </param>
            <param index="1">
              <value>
                <![CDATA[chromium]]>
              </value>
            </param>
            <param index="2">
              <value>
                <![CDATA[false]]>
              </value>
            </param>
          </params>
          <reporter-output>
          </reporter-output>
        </test-method> <!-- openUrl -->
        <test-method signature="buyTicket()[pri:0, instance:Tests.LaunchPageTest@7c7b252e]" started-at="2024-09-25T22:19:09 BDT" name="buyTicket" finished-at="2024-09-25T22:19:16 BDT" duration-ms="6929" status="FAIL">
          <exception class="java.lang.NullPointerException">
            <message>
              <![CDATA[Cannot invoke "com.microsoft.playwright.ElementHandle.click()" because "date_click" is null]]>
            </message>
            <full-stacktrace>
              <![CDATA[java.lang.NullPointerException: Cannot invoke "com.microsoft.playwright.ElementHandle.click()" because "date_click" is null
at Pages.LaunchTicketPage.ticketLaunch(LaunchTicketPage.java:56)
at Tests.LaunchPageTest.buyTicket(LaunchPageTest.java:35)
at java.base/jdk.internal.reflect.DirectMethodHandleAccessor.invoke(DirectMethodHandleAccessor.java:103)
at java.base/java.lang.reflect.Method.invoke(Method.java:580)
at org.testng.internal.invokers.MethodInvocationHelper.invokeMethod(MethodInvocationHelper.java:141)
at org.testng.internal.invokers.TestInvoker.invokeMethod(TestInvoker.java:686)
at org.testng.internal.invokers.TestInvoker.invokeTestMethod(TestInvoker.java:230)
at org.testng.internal.invokers.MethodRunner.runInSequence(MethodRunner.java:63)
at org.testng.internal.invokers.TestInvoker$MethodInvocationAgent.invoke(TestInvoker.java:992)
at org.testng.internal.invokers.TestInvoker.invokeTestMethods(TestInvoker.java:203)
at org.testng.internal.invokers.TestMethodWorker.invokeTestMethods(TestMethodWorker.java:154)
at org.testng.internal.invokers.TestMethodWorker.run(TestMethodWorker.java:134)
at java.base/java.util.ArrayList.forEach(ArrayList.java:1596)
at org.testng.TestRunner.privateRun(TestRunner.java:739)
at org.testng.TestRunner.run(TestRunner.java:614)
at org.testng.SuiteRunner.runTest(SuiteRunner.java:421)
at org.testng.SuiteRunner.runSequentially(SuiteRunner.java:413)
at org.testng.SuiteRunner.privateRun(SuiteRunner.java:373)
at org.testng.SuiteRunner.run(SuiteRunner.java:312)
at org.testng.SuiteRunnerWorker.runSuite(SuiteRunnerWorker.java:52)
at org.testng.SuiteRunnerWorker.run(SuiteRunnerWorker.java:95)
at org.testng.TestNG.runSuitesSequentially(TestNG.java:1274)
at org.testng.TestNG.runSuitesLocally(TestNG.java:1208)
at org.testng.TestNG.runSuites(TestNG.java:1112)
at org.testng.TestNG.run(TestNG.java:1079)
at org.testng.remote.AbstractRemoteTestNG.run(AbstractRemoteTestNG.java:115)
at org.testng.remote.RemoteTestNG.initAndRun(RemoteTestNG.java:293)
at org.testng.remote.RemoteTestNG.main(RemoteTestNG.java:91)
]]>
            </full-stacktrace>
          </exception> <!-- java.lang.NullPointerException -->
          <reporter-output>
          </reporter-output>
        </test-method> <!-- buyTicket -->
        <test-method signature="buyTrainTicket()[pri:1, instance:Tests.LaunchPageTest@7c7b252e]" started-at="2024-09-25T22:19:16 BDT" name="buyTrainTicket" finished-at="2024-09-25T22:20:10 BDT" duration-ms="53834" status="PASS">
          <reporter-output>
          </reporter-output>
        </test-method> <!-- buyTrainTicket -->
        <test-method is-config="true" signature="afterClass()[pri:0, instance:Tests.LaunchPageTest@7c7b252e]" started-at="2024-09-25T22:20:10 BDT" name="afterClass" finished-at="2024-09-25T22:20:12 BDT" duration-ms="1283" status="PASS">
          <reporter-output>
          </reporter-output>
        </test-method> <!-- afterClass -->
      </class> <!-- Tests.LaunchPageTest -->
    </test> <!-- Default test -->
  </suite> <!-- Default suite -->
</testng-results>
